<?xml version="1.0" encoding="UTF-8"?>
<!-- Generated by org.testng.reporters.JUnitReportReporter -->
<testsuite hostname="RTC-DLLA44" failures="0" tests="1" name="ApiTestingDemo.HealthCheckTest" time="4.643" errors="0" timestamp="2023-03-27T14:16:29 IST" skipped="0">
  <testcase classname="ApiTestingDemo.HealthCheckTest" name="getWeatherDetails" time="4.643"/>
  <system-out/>
</testsuite> <!-- ApiTestingDemo.HealthCheckTest -->
