<?xml version="1.0" encoding="UTF-8"?>
<!-- Generated by org.testng.reporters.JUnitReportReporter -->
<testsuite hostname="RTC-DLLA44" failures="0" tests="1" name="ApiTestingDemo.getBookingTest" time="4.541" errors="0" timestamp="2023-03-27T23:20:44 IST" skipped="0">
  <testcase classname="ApiTestingDemo.getBookingTest" name="GetBookingIdsWithoutFilterTest" time="4.541"/>
  <system-out/>
</testsuite> <!-- ApiTestingDemo.getBookingTest -->
