<?xml version="1.0" encoding="UTF-8"?>
<!-- Generated by org.testng.reporters.JUnitReportReporter -->
<testsuite hostname="RTC-DLLA44" failures="0" tests="1" name="ApiTestingDemo.GetBookingIdsTest" time="7.493" errors="0" timestamp="2023-03-27T14:29:56 IST" skipped="0">
  <testcase classname="ApiTestingDemo.GetBookingIdsTest" name="GetBookingIdsWithoutFilterTest" time="7.493"/>
  <system-out/>
</testsuite> <!-- ApiTestingDemo.GetBookingIdsTest -->
