<?xml version="1.0" encoding="UTF-8"?>
<!-- Generated by org.testng.reporters.JUnitReportReporter -->
<testsuite hostname="RTC-DLLA44" failures="0" tests="1" name="Assignment.AutomateAPI" time="2.596" errors="0" timestamp="2024-02-27T12:41:39 IST" skipped="0">
  <testcase classname="Assignment.AutomateAPI" name="postRequest" time="2.596"/>
  <system-out/>
</testsuite> <!-- Assignment.AutomateAPI -->
