<?xml version="1.0" encoding="UTF-8"?>
<!-- Generated by org.testng.reporters.JUnitReportReporter -->
<testsuite hostname="RTC-DLLA44" failures="0" tests="1" name="ApiTestingDemo.PostRequest" time="10.229" errors="1" timestamp="2024-02-27T11:34:19 IST" skipped="0">
  <testcase classname="ApiTestingDemo.PostRequest" name="createBookingTest" time="10.229">
    <error message="For input string: &quot;[868, 120, 728, 7, 121, 439, 444, 252, 381, 247, 504, 681, 386, 84, 623, 28, 259, 482, 191, 477, 622, 528, 23, 107, 736, 810, 190, 457, 821, 653, 46, 458, 615, 459, 586, 759, 450, 225, 436, 71, 786, 463, 378, 519, 395, 877, 181, 694, 80, 729, 496, 140, 277, 635, 83, 170, 369, 223, 401, 208, 427, 318, 273, 663, 338, 579, 186, 248, 413, 880, 79, 88, 245, 561, 534, 619, 168, 600, 301, 773, 698, 53, 207, 899, 603, 409, 323, 554, 469, 158, 855, 392, 224, 893, 19, 266, 42, 763, 29, 214, 718, 490, 143, 625, 902, 525, 575, 576, 769, 526, 251, 517, 756, 166, 205, 749, 542, 831, 244, 723, 4, 373, 730, 480, 200, 560, 242, 891, 11, 165, 849, 817, 834, 49, 233, 699, 722, 508, 60, 547, 343, 757, 495, 731, 742, 651, 389, 671, 892, 803, 153, 87, 324, 657, 344, 451, 505, 337, 382, 643, 512, 48, 433, 17, 548, 221, 792, 613, 362, 104, 98, 468, 93, 740, 474, 235, 179, 351, 906, 449, 470, 334, 771, 86, 806, 5, 574, 682, 75, 569, 874, 131, 484, 910, 636, 416, 670, 278, 130, 347, 156, 33, 609, 82, 650, 828, 150, 856, 768, 872, 345, 866, 535, 887, 593, 287, 707, 634, 835, 509, 454, 425, 700, 850, 9, 752, 445, 364, 686, 238, 400, 371, 3, 203, 894, 785, 844, 715, 95, 125, 106, 589, 852, 352, 475, 30, 148, 330, 510, 808, 356, 491, 394, 567, 665, 620, 263, 85, 713, 516, 907, 387, 827, 76, 384, 659, 565, 602, 501, 286, 313, 791, 290, 689, 688, 307, 112, 628, 97, 77, 432, 753, 795, 788, 644, 706, 325, 437, 272, 310, 63, 724, 393, 465, 781, 311, 197, 329, 147, 379, 40, 297, 737, 234, 296, 241, 540, 584, 631, 793, 299, 249, 295, 697, 709, 580, 746, 654, 442, 710, 802, 668, 410, 115, 648, 775, 134, 368, 647, 796, 339, 37, 896, 293, 870, 766, 316, 24, 182, 461, 56, 536, 136, 232, 281, 778, 601, 743, 879, 605, 291, 610, 853, 656, 471, 418, 435, 113, 420, 860, 829, 518, 428, 25, 138, 674, 159, 552, 583, 21, 404, 595, 527, 823, 390, 267, 328, 66, 94, 520, 365, 101, 566, 639, 280, 515, 489, 298, 684, 812, 1, 481, 675, 239, 667, 617, 587, 549, 789, 319, 258, 322, 408, 57, 816, 464, 553, 38, 611, 819, 881, 429, 270, 405, 41, 178, 335, 499, 20, 188, 306, 476, 662, 70, 220, 691, 253, 59, 627, 398, 680, 573, 498, 448, 69, 871, 228, 443, 160, 399, 109, 865, 261, 695, 204, 18, 27, 73, 358, 690, 912, 716, 123, 531, 794, 782, 65, 74, 703, 851, 541, 780, 582, 14, 44, 175, 269, 13, 31, 755, 226, 100, 815, 47, 672, 198, 626, 8, 888, 305, 317, 483, 822, 10, 209, 146, 838, 99, 35, 210, 741, 64, 108, 592, 189, 594, 440, 353, 801, 825, 377, 111, 497, 274, 641, 883, 415, 199, 264, 538, 678, 521, 747, 424, 172, 898, 183, 256, 543, 348, 770, 712, 777, 559, 34, 289, 194, 126, 414, 485, 357, 562, 312, 714, 764, 774, 807, 841, 43, 886, 904, 304, 355, 642, 861, 570, 734, 283, 638, 836, 255, 629, 862, 900, 800, 50, 760, 213, 215, 421, 271, 216, 135, 596, 174, 842, 407, 735, 660, 141, 55, 748, 455, 864, 809, 142, 507, 607, 152, 832, 54, 12, 532, 913, 422, 162, 127, 876, 884, 762, 169, 546, 282, 779, 372, 614, 6, 78, 908, 119, 374, 195, 843, 154, 840, 173, 359, 363, 116, 604, 222, 506, 704, 591, 36, 333, 492, 846, 89, 90, 677, 164, 61, 687, 555, 16, 332, 857, 128, 52, 96, 720, 187, 2, 558, 15, 346]&quot;" type="java.lang.NumberFormatException">
      <![CDATA[java.lang.NumberFormatException: For input string: "[868, 120, 728, 7, 121, 439, 444, 252, 381, 247, 504, 681, 386, 84, 623, 28, 259, 482, 191, 477, 622, 528, 23, 107, 736, 810, 190, 457, 821, 653, 46, 458, 615, 459, 586, 759, 450, 225, 436, 71, 786, 463, 378, 519, 395, 877, 181, 694, 80, 729, 496, 140, 277, 635, 83, 170, 369, 223, 401, 208, 427, 318, 273, 663, 338, 579, 186, 248, 413, 880, 79, 88, 245, 561, 534, 619, 168, 600, 301, 773, 698, 53, 207, 899, 603, 409, 323, 554, 469, 158, 855, 392, 224, 893, 19, 266, 42, 763, 29, 214, 718, 490, 143, 625, 902, 525, 575, 576, 769, 526, 251, 517, 756, 166, 205, 749, 542, 831, 244, 723, 4, 373, 730, 480, 200, 560, 242, 891, 11, 165, 849, 817, 834, 49, 233, 699, 722, 508, 60, 547, 343, 757, 495, 731, 742, 651, 389, 671, 892, 803, 153, 87, 324, 657, 344, 451, 505, 337, 382, 643, 512, 48, 433, 17, 548, 221, 792, 613, 362, 104, 98, 468, 93, 740, 474, 235, 179, 351, 906, 449, 470, 334, 771, 86, 806, 5, 574, 682, 75, 569, 874, 131, 484, 910, 636, 416, 670, 278, 130, 347, 156, 33, 609, 82, 650, 828, 150, 856, 768, 872, 345, 866, 535, 887, 593, 287, 707, 634, 835, 509, 454, 425, 700, 850, 9, 752, 445, 364, 686, 238, 400, 371, 3, 203, 894, 785, 844, 715, 95, 125, 106, 589, 852, 352, 475, 30, 148, 330, 510, 808, 356, 491, 394, 567, 665, 620, 263, 85, 713, 516, 907, 387, 827, 76, 384, 659, 565, 602, 501, 286, 313, 791, 290, 689, 688, 307, 112, 628, 97, 77, 432, 753, 795, 788, 644, 706, 325, 437, 272, 310, 63, 724, 393, 465, 781, 311, 197, 329, 147, 379, 40, 297, 737, 234, 296, 241, 540, 584, 631, 793, 299, 249, 295, 697, 709, 580, 746, 654, 442, 710, 802, 668, 410, 115, 648, 775, 134, 368, 647, 796, 339, 37, 896, 293, 870, 766, 316, 24, 182, 461, 56, 536, 136, 232, 281, 778, 601, 743, 879, 605, 291, 610, 853, 656, 471, 418, 435, 113, 420, 860, 829, 518, 428, 25, 138, 674, 159, 552, 583, 21, 404, 595, 527, 823, 390, 267, 328, 66, 94, 520, 365, 101, 566, 639, 280, 515, 489, 298, 684, 812, 1, 481, 675, 239, 667, 617, 587, 549, 789, 319, 258, 322, 408, 57, 816, 464, 553, 38, 611, 819, 881, 429, 270, 405, 41, 178, 335, 499, 20, 188, 306, 476, 662, 70, 220, 691, 253, 59, 627, 398, 680, 573, 498, 448, 69, 871, 228, 443, 160, 399, 109, 865, 261, 695, 204, 18, 27, 73, 358, 690, 912, 716, 123, 531, 794, 782, 65, 74, 703, 851, 541, 780, 582, 14, 44, 175, 269, 13, 31, 755, 226, 100, 815, 47, 672, 198, 626, 8, 888, 305, 317, 483, 822, 10, 209, 146, 838, 99, 35, 210, 741, 64, 108, 592, 189, 594, 440, 353, 801, 825, 377, 111, 497, 274, 641, 883, 415, 199, 264, 538, 678, 521, 747, 424, 172, 898, 183, 256, 543, 348, 770, 712, 777, 559, 34, 289, 194, 126, 414, 485, 357, 562, 312, 714, 764, 774, 807, 841, 43, 886, 904, 304, 355, 642, 861, 570, 734, 283, 638, 836, 255, 629, 862, 900, 800, 50, 760, 213, 215, 421, 271, 216, 135, 596, 174, 842, 407, 735, 660, 141, 55, 748, 455, 864, 809, 142, 507, 607, 152, 832, 54, 12, 532, 913, 422, 162, 127, 876, 884, 762, 169, 546, 282, 779, 372, 614, 6, 78, 908, 119, 374, 195, 843, 154, 840, 173, 359, 363, 116, 604, 222, 506, 704, 591, 36, 333, 492, 846, 89, 90, 677, 164, 61, 687, 555, 16, 332, 857, 128, 52, 96, 720, 187, 2, 558, 15, 346]"
at java.base/java.lang.NumberFormatException.forInputString(NumberFormatException.java:67)
at java.base/java.lang.Integer.parseInt(Integer.java:668)
at java.base/java.lang.Integer.parseInt(Integer.java:786)
at java_lang_Integer$parseInt.call(Unknown Source)
at org.codehaus.groovy.runtime.callsite.CallSiteArray.defaultCall(CallSiteArray.java:47)
at org.codehaus.groovy.runtime.callsite.AbstractCallSite.call(AbstractCallSite.java:125)
at org.codehaus.groovy.runtime.callsite.AbstractCallSite.call(AbstractCallSite.java:139)
at io.restassured.internal.common.path.ObjectConverter.convertObjectTo(ObjectConverter.groovy:29)
at io.restassured.path.json.JsonPath.getInt(JsonPath.java:245)
at ApiTestingDemo.PostRequest.createBookingTest(PostRequest.java:38)
at java.base/jdk.internal.reflect.NativeMethodAccessorImpl.invoke0(Native Method)
at java.base/jdk.internal.reflect.NativeMethodAccessorImpl.invoke(NativeMethodAccessorImpl.java:77)
at java.base/jdk.internal.reflect.DelegatingMethodAccessorImpl.invoke(DelegatingMethodAccessorImpl.java:43)
at java.base/java.lang.reflect.Method.invoke(Method.java:568)
at org.testng.internal.invokers.MethodInvocationHelper.invokeMethod(MethodInvocationHelper.java:139)
at org.testng.internal.invokers.TestInvoker.invokeMethod(TestInvoker.java:677)
at org.testng.internal.invokers.TestInvoker.invokeTestMethod(TestInvoker.java:221)
at org.testng.internal.invokers.MethodRunner.runInSequence(MethodRunner.java:50)
at org.testng.internal.invokers.TestInvoker$MethodInvocationAgent.invoke(TestInvoker.java:969)
at org.testng.internal.invokers.TestInvoker.invokeTestMethods(TestInvoker.java:194)
at org.testng.internal.invokers.TestMethodWorker.invokeTestMethods(TestMethodWorker.java:148)
at org.testng.internal.invokers.TestMethodWorker.run(TestMethodWorker.java:128)
at java.base/java.util.ArrayList.forEach(ArrayList.java:1511)
at org.testng.TestRunner.privateRun(TestRunner.java:829)
at org.testng.TestRunner.run(TestRunner.java:602)
at org.testng.SuiteRunner.runTest(SuiteRunner.java:437)
at org.testng.SuiteRunner.runSequentially(SuiteRunner.java:431)
at org.testng.SuiteRunner.privateRun(SuiteRunner.java:391)
at org.testng.SuiteRunner.run(SuiteRunner.java:330)
at org.testng.SuiteRunnerWorker.runSuite(SuiteRunnerWorker.java:52)
at org.testng.SuiteRunnerWorker.run(SuiteRunnerWorker.java:95)
at org.testng.TestNG.runSuitesSequentially(TestNG.java:1256)
at org.testng.TestNG.runSuitesLocally(TestNG.java:1176)
at org.testng.TestNG.runSuites(TestNG.java:1099)
at org.testng.TestNG.run(TestNG.java:1067)
at org.testng.remote.AbstractRemoteTestNG.run(AbstractRemoteTestNG.java:115)
at org.testng.remote.RemoteTestNG.initAndRun(RemoteTestNG.java:251)
at org.testng.remote.RemoteTestNG.main(RemoteTestNG.java:77)
]]>
    </error>
  </testcase> <!-- createBookingTest -->
  <system-out/>
</testsuite> <!-- ApiTestingDemo.PostRequest -->
