<?xml version="1.0" encoding="UTF-8"?>
<!-- Generated by org.testng.reporters.JUnitReportReporter -->
<testsuite hostname="RTC-DLLA44" failures="0" tests="1" name="ApiTestingDemo.PostRequestAutomation" time="1.960" errors="0" timestamp="2023-03-28T15:26:21 IST" skipped="0">
  <testcase classname="ApiTestingDemo.PostRequestAutomation" name="postApiAuto" time="1.960"/>
  <system-out/>
</testsuite> <!-- ApiTestingDemo.PostRequestAutomation -->
